[debug] [2026-04-15T14:57:33.497Z] ----------------------------------------------------------------------
[debug] [2026-04-15T14:57:33.506Z] Command:       /opt/homebrew/Cellar/node/25.9.0_1/bin/node /opt/homebrew/bin/firebase deploy --only functions,hosting
[debug] [2026-04-15T14:57:33.506Z] CLI Version:   15.14.0
[debug] [2026-04-15T14:57:33.506Z] Platform:      darwin
[debug] [2026-04-15T14:57:33.506Z] Node Version:  v25.9.0
[debug] [2026-04-15T14:57:33.506Z] Time:          Wed Apr 15 2026 23:57:33 GMT+0900 (한국 표준시)
[debug] [2026-04-15T14:57:33.506Z] ----------------------------------------------------------------------
[debug] 
[debug] [2026-04-15T14:57:33.507Z] >>> [apiv2][query] GET https://firebase-public.firebaseio.com/cli.json [none]
[debug] [2026-04-15T14:57:35.353Z] > command requires scopes: ["email","openid","https://www.googleapis.com/auth/cloudplatformprojects.readonly","https://www.googleapis.com/auth/firebase","https://www.googleapis.com/auth/cloud-platform"]
[debug] [2026-04-15T14:57:35.353Z] > authorizing via signed-in user (parkbc0311@gmail.com)
[debug] [2026-04-15T14:57:35.353Z] [iam] checking project safe-yj for permissions ["cloudfunctions.functions.create","cloudfunctions.functions.delete","cloudfunctions.functions.get","cloudfunctions.functions.list","cloudfunctions.functions.update","cloudfunctions.operations.get","firebase.projects.get","firebasehosting.sites.update"]
[debug] [2026-04-15T14:57:35.354Z] Checked if tokens are valid: false, expires at: 1776003850778
[debug] [2026-04-15T14:57:35.354Z] Checked if tokens are valid: false, expires at: 1776003850778
[debug] [2026-04-15T14:57:35.354Z] > refreshing access token with scopes: []
[debug] [2026-04-15T14:57:35.355Z] >>> [apiv2][query] POST https://www.googleapis.com/oauth2/v3/token [none]
[debug] [2026-04-15T14:57:35.355Z] >>> [apiv2][body] POST https://www.googleapis.com/oauth2/v3/token [omitted]
[debug] [2026-04-15T14:57:35.552Z] <<< [apiv2][status] POST https://www.googleapis.com/oauth2/v3/token 200
[debug] [2026-04-15T14:57:35.552Z] <<< [apiv2][body] POST https://www.googleapis.com/oauth2/v3/token [omitted]
[debug] [2026-04-15T14:57:35.568Z] >>> [apiv2][query] POST https://cloudresourcemanager.googleapis.com/v1/projects/safe-yj:testIamPermissions [none]
[debug] [2026-04-15T14:57:35.568Z] >>> [apiv2][(partial)header] POST https://cloudresourcemanager.googleapis.com/v1/projects/safe-yj:testIamPermissions  x-goog-user-project=safe-yj
[debug] [2026-04-15T14:57:35.568Z] >>> [apiv2][body] POST https://cloudresourcemanager.googleapis.com/v1/projects/safe-yj:testIamPermissions {"permissions":["cloudfunctions.functions.create","cloudfunctions.functions.delete","cloudfunctions.functions.get","cloudfunctions.functions.list","cloudfunctions.functions.update","cloudfunctions.operations.get","firebase.projects.get","firebasehosting.sites.update"]}
[debug] [2026-04-15T14:57:35.733Z] <<< [apiv2][status] GET https://firebase-public.firebaseio.com/cli.json 200
[debug] [2026-04-15T14:57:35.733Z] <<< [apiv2][body] GET https://firebase-public.firebaseio.com/cli.json {"cloudBuildErrorAfter":1594252800000,"cloudBuildWarnAfter":1590019200000,"defaultNode10After":1594252800000,"minVersion":"3.0.5","node8DeploysDisabledAfter":1613390400000,"node8RuntimeDisabledAfter":1615809600000,"node8WarnAfter":1600128000000}
[debug] [2026-04-15T14:57:35.806Z] <<< [apiv2][status] POST https://cloudresourcemanager.googleapis.com/v1/projects/safe-yj:testIamPermissions 200
[debug] [2026-04-15T14:57:35.806Z] <<< [apiv2][body] POST https://cloudresourcemanager.googleapis.com/v1/projects/safe-yj:testIamPermissions {"permissions":["cloudfunctions.functions.create","cloudfunctions.functions.delete","cloudfunctions.functions.get","cloudfunctions.functions.list","cloudfunctions.functions.update","cloudfunctions.operations.get","firebase.projects.get","firebasehosting.sites.update"]}
[debug] [2026-04-15T14:57:35.806Z] Checked if tokens are valid: true, expires at: 1776268654553
[debug] [2026-04-15T14:57:35.806Z] Checked if tokens are valid: true, expires at: 1776268654553
[debug] [2026-04-15T14:57:35.807Z] >>> [apiv2][query] POST https://iam.googleapis.com/v1/projects/safe-yj/serviceAccounts/safe-yj@appspot.gserviceaccount.com:testIamPermissions [none]
[debug] [2026-04-15T14:57:35.807Z] >>> [apiv2][body] POST https://iam.googleapis.com/v1/projects/safe-yj/serviceAccounts/safe-yj@appspot.gserviceaccount.com:testIamPermissions {"permissions":["iam.serviceAccounts.actAs"]}
[debug] [2026-04-15T14:57:36.880Z] <<< [apiv2][status] POST https://iam.googleapis.com/v1/projects/safe-yj/serviceAccounts/safe-yj@appspot.gserviceaccount.com:testIamPermissions 200
[debug] [2026-04-15T14:57:36.881Z] <<< [apiv2][body] POST https://iam.googleapis.com/v1/projects/safe-yj/serviceAccounts/safe-yj@appspot.gserviceaccount.com:testIamPermissions {"permissions":["iam.serviceAccounts.actAs"]}
[debug] [2026-04-15T14:57:36.883Z] Checked if tokens are valid: true, expires at: 1776268654553
[debug] [2026-04-15T14:57:36.883Z] Checked if tokens are valid: true, expires at: 1776268654553
[debug] [2026-04-15T14:57:36.883Z] >>> [apiv2][query] GET https://firebase.googleapis.com/v1beta1/projects/safe-yj [none]
[debug] [2026-04-15T14:57:37.362Z] <<< [apiv2][status] GET https://firebase.googleapis.com/v1beta1/projects/safe-yj 200
[debug] [2026-04-15T14:57:37.362Z] <<< [apiv2][body] GET https://firebase.googleapis.com/v1beta1/projects/safe-yj {"projectId":"safe-yj","projectNumber":"431566844297","displayName":"safe-yjbc","name":"projects/safe-yj","resources":{"hostingSite":"safe-yj"},"state":"ACTIVE","etag":"1_9b240aa7-6f09-4829-bb79-69989e604a0b"}
[info] 
[info] === Deploying to 'safe-yj'...
[info] 
[info] i  deploying functions, hosting 
[debug] [2026-04-15T14:57:37.370Z] Checked if tokens are valid: true, expires at: 1776268654553
[debug] [2026-04-15T14:57:37.370Z] Checked if tokens are valid: true, expires at: 1776268654553
[debug] [2026-04-15T14:57:37.370Z] >>> [apiv2][query] GET https://cloudresourcemanager.googleapis.com/v1/projects/safe-yj [none]
[debug] [2026-04-15T14:57:37.571Z] <<< [apiv2][status] GET https://cloudresourcemanager.googleapis.com/v1/projects/safe-yj 200
[debug] [2026-04-15T14:57:37.572Z] <<< [apiv2][body] GET https://cloudresourcemanager.googleapis.com/v1/projects/safe-yj {"projectNumber":"431566844297","projectId":"safe-yj","lifecycleState":"ACTIVE","name":"safe-yjbc","labels":{"firebase":"enabled","firebase-core":"disabled"},"createTime":"2026-04-10T04:21:25.335Z"}
[info] i  functions: preparing codebase default for deployment 
[info] i  functions: ensuring required API cloudfunctions.googleapis.com is enabled... 
[info] i  functions: ensuring required API cloudbuild.googleapis.com is enabled... 
[info] i  artifactregistry: ensuring required API artifactregistry.googleapis.com is enabled... 
[debug] [2026-04-15T14:57:37.575Z] Checked if tokens are valid: true, expires at: 1776268654553
[debug] [2026-04-15T14:57:37.575Z] Checked if tokens are valid: true, expires at: 1776268654553
[debug] [2026-04-15T14:57:37.575Z] >>> [apiv2][query] GET https://firebase.googleapis.com/v1beta1/projects/safe-yj/adminSdkConfig [none]
[debug] [2026-04-15T14:57:38.007Z] <<< [apiv2][status] GET https://firebase.googleapis.com/v1beta1/projects/safe-yj/adminSdkConfig 200
[debug] [2026-04-15T14:57:38.007Z] <<< [apiv2][body] GET https://firebase.googleapis.com/v1beta1/projects/safe-yj/adminSdkConfig {"projectId":"safe-yj","storageBucket":"safe-yj.firebasestorage.app"}
[debug] [2026-04-15T14:57:38.008Z] Checked if tokens are valid: true, expires at: 1776268654553
[debug] [2026-04-15T14:57:38.008Z] Checked if tokens are valid: true, expires at: 1776268654553
[debug] [2026-04-15T14:57:38.008Z] >>> [apiv2][query] GET https://runtimeconfig.googleapis.com/v1beta1/projects/safe-yj/configs [none]
[debug] [2026-04-15T14:57:39.062Z] <<< [apiv2][status] GET https://runtimeconfig.googleapis.com/v1beta1/projects/safe-yj/configs 200
[debug] [2026-04-15T14:57:39.062Z] <<< [apiv2][body] GET https://runtimeconfig.googleapis.com/v1beta1/projects/safe-yj/configs {}
[debug] [2026-04-15T14:57:39.065Z] Validating nodejs source
[warn] ⚠  functions: Runtime Node.js 20 will be deprecated on 2026-04-30 and will be decommissioned on 2026-10-30, after which you will not be able to deploy without upgrading. Consider upgrading now to avoid disruption. See https://cloud.google.com/functions/docs/runtime-support for full details on the lifecycle policy 
[debug] [2026-04-15T14:57:40.320Z] > [functions] package.json contents: {
  "name": "functions",
  "description": "Cloud Functions for Firebase",
  "scripts": {
    "serve": "firebase emulators:start --only functions",
    "shell": "firebase functions:shell",
    "start": "npm run shell",
    "deploy": "firebase deploy --only functions",
    "logs": "firebase functions:log"
  },
  "engines": {
    "node": "24"
  },
  "main": "index.js",
  "dependencies": {
    "firebase-admin": "^13.6.0",
    "firebase-functions": "^7.0.0"
  },
  "devDependencies": {
    "firebase-functions-test": "^3.4.1"
  },
  "private": true
}
[debug] [2026-04-15T14:57:40.321Z] Building nodejs source
[info] i  functions: Loading and analyzing source code for codebase default to determine what to deploy 
[debug] [2026-04-15T14:57:40.324Z] Could not find functions.yaml. Must use http discovery
[debug] [2026-04-15T14:57:40.334Z] Found firebase-functions binary at '/Users/bcpark/Desktop/git_rep/safe_yjbc/functions/node_modules/.bin/firebase-functions'
[info] Serving at port 8859

[debug] [2026-04-15T14:57:41.009Z] Got response from /__/functions.yaml {"endpoints":{"sendSOSNotification":{"availableMemoryMb":null,"timeoutSeconds":null,"minInstances":null,"maxInstances":null,"ingressSettings":null,"concurrency":null,"serviceAccountEmail":null,"vpc":null,"platform":"gcfv2","labels":{},"eventTrigger":{"eventType":"google.cloud.firestore.document.v1.created","eventFilters":{"database":"(default)","namespace":"(default)"},"eventFilterPathPatterns":{"document":"home_events/{docId}"},"retry":false},"entryPoint":"sendSOSNotification"},"cleanupExpiredHomeEvents":{"availableMemoryMb":null,"timeoutSeconds":null,"minInstances":null,"maxInstances":null,"ingressSettings":null,"concurrency":null,"serviceAccountEmail":null,"vpc":null,"platform":"gcfv2","labels":{},"scheduleTrigger":{"schedule":"every 1 hours","retryConfig":{"retryCount":null,"maxDoublings":null,"maxRetrySeconds":null,"minBackoffSeconds":null,"maxBackoffSeconds":null},"timeZone":null},"entryPoint":"cleanupExpiredHomeEvents"}},"specVersion":"v1alpha1","requiredAPIs":[{"api":"cloudscheduler.googleapis.com","reason":"Needed for scheduled functions."}],"extensions":{}}
[info] i  extensions: ensuring required API firebaseextensions.googleapis.com is enabled... 
[debug] [2026-04-15T14:57:45.200Z] > command requires scopes: ["email","openid","https://www.googleapis.com/auth/cloudplatformprojects.readonly","https://www.googleapis.com/auth/firebase","https://www.googleapis.com/auth/cloud-platform"]
[debug] [2026-04-15T14:57:45.204Z] > authorizing via signed-in user (parkbc0311@gmail.com)
[debug] [2026-04-15T14:57:45.204Z] [iam] checking project safe-yj for permissions ["firebase.projects.get","firebaseextensions.instances.list"]
[debug] [2026-04-15T14:57:45.208Z] Checked if tokens are valid: true, expires at: 1776268654553
[debug] [2026-04-15T14:57:45.209Z] Checked if tokens are valid: true, expires at: 1776268654553
[debug] [2026-04-15T14:57:45.210Z] >>> [apiv2][query] POST https://cloudresourcemanager.googleapis.com/v1/projects/safe-yj:testIamPermissions [none]
[debug] [2026-04-15T14:57:45.210Z] >>> [apiv2][(partial)header] POST https://cloudresourcemanager.googleapis.com/v1/projects/safe-yj:testIamPermissions  x-goog-user-project=safe-yj
[debug] [2026-04-15T14:57:45.210Z] >>> [apiv2][body] POST https://cloudresourcemanager.googleapis.com/v1/projects/safe-yj:testIamPermissions {"permissions":["firebase.projects.get","firebaseextensions.instances.list"]}
[debug] [2026-04-15T14:57:45.488Z] <<< [apiv2][status] POST https://cloudresourcemanager.googleapis.com/v1/projects/safe-yj:testIamPermissions 200
[debug] [2026-04-15T14:57:45.488Z] <<< [apiv2][body] POST https://cloudresourcemanager.googleapis.com/v1/projects/safe-yj:testIamPermissions {"permissions":["firebase.projects.get","firebaseextensions.instances.list"]}
[debug] [2026-04-15T14:57:45.489Z] Checked if tokens are valid: true, expires at: 1776268654553
[debug] [2026-04-15T14:57:45.489Z] Checked if tokens are valid: true, expires at: 1776268654553
[debug] [2026-04-15T14:57:45.490Z] >>> [apiv2][query] GET https://firebaseextensions.googleapis.com/v1beta/projects/safe-yj/instances pageSize=100&pageToken=
[debug] [2026-04-15T14:57:46.574Z] <<< [apiv2][status] GET https://firebaseextensions.googleapis.com/v1beta/projects/safe-yj/instances 200
[debug] [2026-04-15T14:57:46.576Z] <<< [apiv2][body] GET https://firebaseextensions.googleapis.com/v1beta/projects/safe-yj/instances {}
[info] i  functions: preparing functions directory for uploading... 
[info] i  functions: packaged /Users/bcpark/Desktop/git_rep/safe_yjbc/functions (74.01 KB) for uploading 
[debug] [2026-04-15T14:57:46.654Z] Checked if tokens are valid: true, expires at: 1776268654553
[debug] [2026-04-15T14:57:46.654Z] Checked if tokens are valid: true, expires at: 1776268654553
[debug] [2026-04-15T14:57:46.654Z] >>> [apiv2][query] GET https://cloudfunctions.googleapis.com/v1/projects/safe-yj/locations/-/functions [none]
[debug] [2026-04-15T14:57:47.814Z] <<< [apiv2][status] GET https://cloudfunctions.googleapis.com/v1/projects/safe-yj/locations/-/functions 200
[debug] [2026-04-15T14:57:47.815Z] <<< [apiv2][body] GET https://cloudfunctions.googleapis.com/v1/projects/safe-yj/locations/-/functions {}
[debug] [2026-04-15T14:57:47.815Z] Checked if tokens are valid: true, expires at: 1776268654553
[debug] [2026-04-15T14:57:47.815Z] Checked if tokens are valid: true, expires at: 1776268654553
[debug] [2026-04-15T14:57:47.815Z] >>> [apiv2][query] GET https://cloudfunctions.googleapis.com/v2/projects/safe-yj/locations/-/functions filter=environment%3D%22GEN_2%22
[debug] [2026-04-15T14:57:50.149Z] <<< [apiv2][status] GET https://cloudfunctions.googleapis.com/v2/projects/safe-yj/locations/-/functions 200
[debug] [2026-04-15T14:57:50.150Z] <<< [apiv2][body] GET https://cloudfunctions.googleapis.com/v2/projects/safe-yj/locations/-/functions {"functions":[{"name":"projects/safe-yj/locations/us-central1/functions/cleanupExpiredHomeEvents","buildConfig":{"build":"projects/431566844297/locations/us-central1/builds/fff933bb-cb47-40eb-8648-a27035984d6a","runtime":"nodejs20","entryPoint":"cleanupExpiredHomeEvents","source":{"storageSource":{"bucket":"gcf-v2-sources-431566844297-us-central1","object":"cleanupExpiredHomeEvents/function-source.zip","generation":"1776000345697903"}},"environmentVariables":{"GOOGLE_NODE_RUN_SCRIPTS":""},"dockerRepository":"projects/safe-yj/locations/us-central1/repositories/gcf-artifacts","sourceProvenance":{"resolvedStorageSource":{"bucket":"gcf-v2-sources-431566844297-us-central1","object":"cleanupExpiredHomeEvents/function-source.zip","generation":"1776000345697903"}},"dockerRegistry":"ARTIFACT_REGISTRY","serviceAccount":"projects/safe-yj/serviceAccounts/431566844297-compute@developer.gserviceaccount.com","automaticUpdatePolicy":{}},"serviceConfig":{"service":"projects/safe-yj/locations/us-central1/services/cleanupexpiredhomeevents","timeoutSeconds":60,"environmentVariables":{"FIREBASE_CONFIG":"{\"projectId\":\"safe-yj\",\"storageBucket\":\"safe-yj.firebasestorage.app\"}","GCLOUD_PROJECT":"safe-yj","EVENTARC_CLOUD_EVENT_SOURCE":"projects/safe-yj/locations/us-central1/services/cleanupExpiredHomeEvents","FUNCTION_TARGET":"cleanupExpiredHomeEvents","LOG_EXECUTION_ID":"true","FUNCTION_SIGNATURE_TYPE":"http"},"maxInstanceCount":20,"ingressSettings":"ALLOW_ALL","uri":"https://cleanupexpiredhomeevents-zdgujvjrva-uc.a.run.app","serviceAccountEmail":"431566844297-compute@developer.gserviceaccount.com","availableMemory":"256Mi","allTrafficOnLatestRevision":true,"revision":"cleanupexpiredhomeevents-00006-cis","maxInstanceRequestConcurrency":80,"availableCpu":"1"},"state":"ACTIVE","updateTime":"2026-04-12T13:25:52.510493281Z","labels":{"deployment-tool":"cli-firebase","deployment-scheduled":"true","firebase-functions-hash":"2e58bb28540f70c7b56c1e573ff84380d65f2eae"},"environment":"GEN_2","url":"https://us-central1-safe-yj.cloudfunctions.net/cleanupExpiredHomeEvents","createTime":"2026-04-10T08:09:40.656062271Z","satisfiesPzi":true},{"name":"projects/safe-yj/locations/us-central1/functions/sendSOSNotification","buildConfig":{"build":"projects/431566844297/locations/us-central1/builds/fff933bb-cb47-40eb-8648-a27035984d6a","runtime":"nodejs20","entryPoint":"sendSOSNotification","source":{"storageSource":{"bucket":"gcf-v2-sources-431566844297-us-central1","object":"sendSOSNotification/function-source.zip","generation":"1776000275992194"}},"environmentVariables":{"GOOGLE_NODE_RUN_SCRIPTS":""},"dockerRepository":"projects/safe-yj/locations/us-central1/repositories/gcf-artifacts","sourceProvenance":{"resolvedStorageSource":{"bucket":"gcf-v2-sources-431566844297-us-central1","object":"sendSOSNotification/function-source.zip","generation":"1776000275992194"}},"dockerRegistry":"ARTIFACT_REGISTRY","serviceAccount":"projects/safe-yj/serviceAccounts/431566844297-compute@developer.gserviceaccount.com","automaticUpdatePolicy":{}},"serviceConfig":{"service":"projects/safe-yj/locations/us-central1/services/sendsosnotification","timeoutSeconds":60,"environmentVariables":{"FIREBASE_CONFIG":"{\"projectId\":\"safe-yj\",\"storageBucket\":\"safe-yj.firebasestorage.app\"}","GCLOUD_PROJECT":"safe-yj","EVENTARC_CLOUD_EVENT_SOURCE":"projects/safe-yj/locations/us-central1/services/sendSOSNotification","FUNCTION_SIGNATURE_TYPE":"cloudevent","FUNCTION_TARGET":"sendSOSNotification","LOG_EXECUTION_ID":"true"},"maxInstanceCount":20,"ingressSettings":"ALLOW_ALL","uri":"https://sendsosnotification-zdgujvjrva-uc.a.run.app","serviceAccountEmail":"431566844297-compute@developer.gserviceaccount.com","availableMemory":"256Mi","allTrafficOnLatestRevision":true,"revision":"sendsosnotification-00013-moh","maxInstanceRequestConcurrency":80,"availableCpu":"1"},"eventTrigger":{"trigger":"projects/safe-yj/locations/asia-northeast3/triggers/sendsosnotification-978532","triggerRegion":"asia-northeast3","eventType":"google.cloud.firestore.document.v1.created","eventFilters":[{"attribute":"database","value":"(default)"},{"attribute":"namespace","value":"(default)"},{"attribute":"document","value":"home_events/{docId}","operator":"match-path-pattern"}],"pubsubTopic":"projects/safe-yj/topics/eventarc-asia-northeast3-sendsosnotification-978532-859","serviceAccountEmail":"431566844297-compute@developer.gserviceaccount.com","retryPolicy":"RETRY_POLICY_DO_NOT_RETRY"},"state":"ACTIVE","updateTime":"2026-04-12T13:25:44.747901250Z","labels":{"deployment-tool":"cli-firebase","firebase-functions-hash":"2e58bb28540f70c7b56c1e573ff84380d65f2eae"},"environment":"GEN_2","url":"https://us-central1-safe-yj.cloudfunctions.net/sendSOSNotification","createTime":"2026-04-10T06:10:43.027830631Z","satisfiesPzi":true}]}
[debug] [2026-04-15T14:57:50.156Z] Checked if tokens are valid: true, expires at: 1776268654553
[debug] [2026-04-15T14:57:50.156Z] Checked if tokens are valid: true, expires at: 1776268654553
[debug] [2026-04-15T14:57:50.157Z] >>> [apiv2][query] GET https://firestore.googleapis.com/v1/projects/safe-yj/databases/(default) [none]
[debug] [2026-04-15T14:57:50.331Z] <<< [apiv2][status] GET https://firestore.googleapis.com/v1/projects/safe-yj/databases/(default) 200
[debug] [2026-04-15T14:57:50.332Z] <<< [apiv2][body] GET https://firestore.googleapis.com/v1/projects/safe-yj/databases/(default) {"name":"projects/safe-yj/databases/(default)","uid":"21790422-66b8-43eb-919b-fa2774889139","createTime":"2026-04-10T04:51:21.669229Z","updateTime":"2026-04-10T04:51:21.669229Z","locationId":"asia-northeast3","type":"FIRESTORE_NATIVE","concurrencyMode":"PESSIMISTIC","versionRetentionPeriod":"3600s","earliestVersionTime":"2026-04-15T13:57:50.336406Z","appEngineIntegrationMode":"DISABLED","keyPrefix":"v","pointInTimeRecoveryEnablement":"POINT_IN_TIME_RECOVERY_DISABLED","deleteProtectionState":"DELETE_PROTECTION_DISABLED","databaseEdition":"STANDARD","freeTier":true,"realtimeUpdatesMode":"REALTIME_UPDATES_MODE_ENABLED","etag":"IPGvrYSP8JMDMPuwqsnJ4pMD"}
[info] i  functions: ensuring required API cloudscheduler.googleapis.com is enabled... 
[info] i  functions: ensuring required API run.googleapis.com is enabled... 
[info] i  functions: ensuring required API eventarc.googleapis.com is enabled... 
[info] i  functions: ensuring required API pubsub.googleapis.com is enabled... 
[info] i  functions: ensuring required API storage.googleapis.com is enabled... 
[info] i  functions: generating the service identity for pubsub.googleapis.com... 
[debug] [2026-04-15T14:57:50.336Z] Checked if tokens are valid: true, expires at: 1776268654553
[debug] [2026-04-15T14:57:50.337Z] Checked if tokens are valid: true, expires at: 1776268654553
[info] i  functions: generating the service identity for eventarc.googleapis.com... 
[debug] [2026-04-15T14:57:50.337Z] Checked if tokens are valid: true, expires at: 1776268654553
[debug] [2026-04-15T14:57:50.337Z] Checked if tokens are valid: true, expires at: 1776268654553
[debug] [2026-04-15T14:57:50.337Z] >>> [apiv2][query] POST https://serviceusage.googleapis.com/v1beta1/projects/431566844297/services/pubsub.googleapis.com:generateServiceIdentity [none]
[debug] [2026-04-15T14:57:50.337Z] >>> [apiv2][(partial)header] POST https://serviceusage.googleapis.com/v1beta1/projects/431566844297/services/pubsub.googleapis.com:generateServiceIdentity  x-goog-user-project=431566844297
[debug] [2026-04-15T14:57:50.337Z] >>> [apiv2][body] POST https://serviceusage.googleapis.com/v1beta1/projects/431566844297/services/pubsub.googleapis.com:generateServiceIdentity {}
[debug] [2026-04-15T14:57:50.339Z] >>> [apiv2][query] POST https://serviceusage.googleapis.com/v1beta1/projects/431566844297/services/eventarc.googleapis.com:generateServiceIdentity [none]
[debug] [2026-04-15T14:57:50.339Z] >>> [apiv2][(partial)header] POST https://serviceusage.googleapis.com/v1beta1/projects/431566844297/services/eventarc.googleapis.com:generateServiceIdentity  x-goog-user-project=431566844297
[debug] [2026-04-15T14:57:50.339Z] >>> [apiv2][body] POST https://serviceusage.googleapis.com/v1beta1/projects/431566844297/services/eventarc.googleapis.com:generateServiceIdentity {}
[debug] [2026-04-15T14:57:51.623Z] <<< [apiv2][status] POST https://serviceusage.googleapis.com/v1beta1/projects/431566844297/services/eventarc.googleapis.com:generateServiceIdentity 200
[debug] [2026-04-15T14:57:51.624Z] <<< [apiv2][body] POST https://serviceusage.googleapis.com/v1beta1/projects/431566844297/services/eventarc.googleapis.com:generateServiceIdentity {"name":"operations/finished.DONE_OPERATION","done":true,"response":{"@type":"type.googleapis.com/google.api.serviceusage.v1beta1.ServiceIdentity","email":"service-431566844297@gcp-sa-eventarc.iam.gserviceaccount.com","uniqueId":"107054101992829551017"}}
[debug] [2026-04-15T14:57:51.626Z] <<< [apiv2][status] POST https://serviceusage.googleapis.com/v1beta1/projects/431566844297/services/pubsub.googleapis.com:generateServiceIdentity 200
[debug] [2026-04-15T14:57:51.626Z] <<< [apiv2][body] POST https://serviceusage.googleapis.com/v1beta1/projects/431566844297/services/pubsub.googleapis.com:generateServiceIdentity {"name":"operations/finished.DONE_OPERATION","done":true,"response":{"@type":"type.googleapis.com/google.api.serviceusage.v1beta1.ServiceIdentity","email":"service-431566844297@gcp-sa-pubsub.iam.gserviceaccount.com","uniqueId":"103430175994746702598"}}
[debug] [2026-04-15T14:57:51.635Z] Checked if tokens are valid: true, expires at: 1776268654553
[debug] [2026-04-15T14:57:51.635Z] Checked if tokens are valid: true, expires at: 1776268654553
[debug] [2026-04-15T14:57:51.635Z] >>> [apiv2][query] GET https://cloudresourcemanager.googleapis.com/v1/projects/safe-yj [none]
[debug] [2026-04-15T14:57:52.415Z] <<< [apiv2][status] GET https://cloudresourcemanager.googleapis.com/v1/projects/safe-yj 200
[debug] [2026-04-15T14:57:52.416Z] <<< [apiv2][body] GET https://cloudresourcemanager.googleapis.com/v1/projects/safe-yj {"projectNumber":"431566844297","projectId":"safe-yj","lifecycleState":"ACTIVE","name":"safe-yjbc","labels":{"firebase":"enabled","firebase-core":"disabled"},"createTime":"2026-04-10T04:21:25.335Z"}
[debug] [2026-04-15T14:57:52.416Z] Checked if tokens are valid: true, expires at: 1776268654553
[debug] [2026-04-15T14:57:52.417Z] Checked if tokens are valid: true, expires at: 1776268654553
[debug] [2026-04-15T14:57:52.417Z] >>> [apiv2][query] GET https://compute.googleapis.com/compute/v1/projects/431566844297 [none]
[debug] [2026-04-15T14:57:52.805Z] <<< [apiv2][status] GET https://compute.googleapis.com/compute/v1/projects/431566844297 403
[debug] [2026-04-15T14:57:52.805Z] <<< [apiv2][body] GET https://compute.googleapis.com/compute/v1/projects/431566844297 {"error":{"code":403,"message":"Compute Engine API has not been used in project 431566844297 before or it is disabled. Enable it by visiting https://console.developers.google.com/apis/api/compute.googleapis.com/overview?project=431566844297 then retry. If you enabled this API recently, wait a few minutes for the action to propagate to our systems and retry.","errors":[{"message":"Compute Engine API has not been used in project 431566844297 before or it is disabled. Enable it by visiting https://console.developers.google.com/apis/api/compute.googleapis.com/overview?project=431566844297 then retry. If you enabled this API recently, wait a few minutes for the action to propagate to our systems and retry.","domain":"usageLimits","reason":"accessNotConfigured","extendedHelp":"https://console.developers.google.com"}],"status":"PERMISSION_DENIED","details":[{"@type":"type.googleapis.com/google.rpc.ErrorInfo","reason":"SERVICE_DISABLED","domain":"googleapis.com","metadata":{"activationUrl":"https://console.developers.google.com/apis/api/compute.googleapis.com/overview?project=431566844297","service":"compute.googleapis.com","consumer":"projects/431566844297","serviceTitle":"Compute Engine API","containerInfo":"431566844297"}},{"@type":"type.googleapis.com/google.rpc.LocalizedMessage","locale":"en-US","message":"Compute Engine API has not been used in project 431566844297 before or it is disabled. Enable it by visiting https://console.developers.google.com/apis/api/compute.googleapis.com/overview?project=431566844297 then retry. If you enabled this API recently, wait a few minutes for the action to propagate to our systems and retry."},{"@type":"type.googleapis.com/google.rpc.Help","links":[{"description":"Google developers console API activation","url":"https://console.developers.google.com/apis/api/compute.googleapis.com/overview?project=431566844297"}]}]}}
[debug] [2026-04-15T14:57:52.806Z] unable to look up default compute service account. Falling back to 431566844297-compute@developer.gserviceaccount.com. Error: {"name":"FirebaseError","children":[],"context":{"body":{"error":{"code":403,"message":"Compute Engine API has not been used in project 431566844297 before or it is disabled. Enable it by visiting https://console.developers.google.com/apis/api/compute.googleapis.com/overview?project=431566844297 then retry. If you enabled this API recently, wait a few minutes for the action to propagate to our systems and retry.","errors":[{"message":"Compute Engine API has not been used in project 431566844297 before or it is disabled. Enable it by visiting https://console.developers.google.com/apis/api/compute.googleapis.com/overview?project=431566844297 then retry. If you enabled this API recently, wait a few minutes for the action to propagate to our systems and retry.","domain":"usageLimits","reason":"accessNotConfigured","extendedHelp":"https://console.developers.google.com"}],"status":"PERMISSION_DENIED","details":[{"@type":"type.googleapis.com/google.rpc.ErrorInfo","reason":"SERVICE_DISABLED","domain":"googleapis.com","metadata":{"activationUrl":"https://console.developers.google.com/apis/api/compute.googleapis.com/overview?project=431566844297","service":"compute.googleapis.com","consumer":"projects/431566844297","serviceTitle":"Compute Engine API","containerInfo":"431566844297"}},{"@type":"type.googleapis.com/google.rpc.LocalizedMessage","locale":"en-US","message":"Compute Engine API has not been used in project 431566844297 before or it is disabled. Enable it by visiting https://console.developers.google.com/apis/api/compute.googleapis.com/overview?project=431566844297 then retry. If you enabled this API recently, wait a few minutes for the action to propagate to our systems and retry."},{"@type":"type.googleapis.com/google.rpc.Help","links":[{"description":"Google developers console API activation","url":"https://console.developers.google.com/apis/api/compute.googleapis.com/overview?project=431566844297"}]}]}},"response":{"statusCode":403}},"exit":1,"message":"Request to https://compute.googleapis.com/compute/v1/projects/431566844297 had HTTP Error: 403, Compute Engine API has not been used in project 431566844297 before or it is disabled. Enable it by visiting https://console.developers.google.com/apis/api/compute.googleapis.com/overview?project=431566844297 then retry. If you enabled this API recently, wait a few minutes for the action to propagate to our systems and retry.","status":403}
[debug] [2026-04-15T14:57:52.807Z] Checked if tokens are valid: true, expires at: 1776268654553
[debug] [2026-04-15T14:57:52.807Z] Checked if tokens are valid: true, expires at: 1776268654553
[debug] [2026-04-15T14:57:52.807Z] >>> [apiv2][query] GET https://compute.googleapis.com/compute/v1/projects/431566844297 [none]
[debug] [2026-04-15T14:57:53.049Z] <<< [apiv2][status] GET https://compute.googleapis.com/compute/v1/projects/431566844297 403
[debug] [2026-04-15T14:57:53.049Z] <<< [apiv2][body] GET https://compute.googleapis.com/compute/v1/projects/431566844297 {"error":{"code":403,"message":"Compute Engine API has not been used in project 431566844297 before or it is disabled. Enable it by visiting https://console.developers.google.com/apis/api/compute.googleapis.com/overview?project=431566844297 then retry. If you enabled this API recently, wait a few minutes for the action to propagate to our systems and retry.","errors":[{"message":"Compute Engine API has not been used in project 431566844297 before or it is disabled. Enable it by visiting https://console.developers.google.com/apis/api/compute.googleapis.com/overview?project=431566844297 then retry. If you enabled this API recently, wait a few minutes for the action to propagate to our systems and retry.","domain":"usageLimits","reason":"accessNotConfigured","extendedHelp":"https://console.developers.google.com"}],"status":"PERMISSION_DENIED","details":[{"@type":"type.googleapis.com/google.rpc.ErrorInfo","reason":"SERVICE_DISABLED","domain":"googleapis.com","metadata":{"activationUrl":"https://console.developers.google.com/apis/api/compute.googleapis.com/overview?project=431566844297","consumer":"projects/431566844297","service":"compute.googleapis.com","containerInfo":"431566844297","serviceTitle":"Compute Engine API"}},{"@type":"type.googleapis.com/google.rpc.LocalizedMessage","locale":"en-US","message":"Compute Engine API has not been used in project 431566844297 before or it is disabled. Enable it by visiting https://console.developers.google.com/apis/api/compute.googleapis.com/overview?project=431566844297 then retry. If you enabled this API recently, wait a few minutes for the action to propagate to our systems and retry."},{"@type":"type.googleapis.com/google.rpc.Help","links":[{"description":"Google developers console API activation","url":"https://console.developers.google.com/apis/api/compute.googleapis.com/overview?project=431566844297"}]}]}}
[debug] [2026-04-15T14:57:53.050Z] unable to look up default compute service account. Falling back to 431566844297-compute@developer.gserviceaccount.com. Error: {"name":"FirebaseError","children":[],"context":{"body":{"error":{"code":403,"message":"Compute Engine API has not been used in project 431566844297 before or it is disabled. Enable it by visiting https://console.developers.google.com/apis/api/compute.googleapis.com/overview?project=431566844297 then retry. If you enabled this API recently, wait a few minutes for the action to propagate to our systems and retry.","errors":[{"message":"Compute Engine API has not been used in project 431566844297 before or it is disabled. Enable it by visiting https://console.developers.google.com/apis/api/compute.googleapis.com/overview?project=431566844297 then retry. If you enabled this API recently, wait a few minutes for the action to propagate to our systems and retry.","domain":"usageLimits","reason":"accessNotConfigured","extendedHelp":"https://console.developers.google.com"}],"status":"PERMISSION_DENIED","details":[{"@type":"type.googleapis.com/google.rpc.ErrorInfo","reason":"SERVICE_DISABLED","domain":"googleapis.com","metadata":{"activationUrl":"https://console.developers.google.com/apis/api/compute.googleapis.com/overview?project=431566844297","consumer":"projects/431566844297","service":"compute.googleapis.com","containerInfo":"431566844297","serviceTitle":"Compute Engine API"}},{"@type":"type.googleapis.com/google.rpc.LocalizedMessage","locale":"en-US","message":"Compute Engine API has not been used in project 431566844297 before or it is disabled. Enable it by visiting https://console.developers.google.com/apis/api/compute.googleapis.com/overview?project=431566844297 then retry. If you enabled this API recently, wait a few minutes for the action to propagate to our systems and retry."},{"@type":"type.googleapis.com/google.rpc.Help","links":[{"description":"Google developers console API activation","url":"https://console.developers.google.com/apis/api/compute.googleapis.com/overview?project=431566844297"}]}]}},"response":{"statusCode":403}},"exit":1,"message":"Request to https://compute.googleapis.com/compute/v1/projects/431566844297 had HTTP Error: 403, Compute Engine API has not been used in project 431566844297 before or it is disabled. Enable it by visiting https://console.developers.google.com/apis/api/compute.googleapis.com/overview?project=431566844297 then retry. If you enabled this API recently, wait a few minutes for the action to propagate to our systems and retry.","status":403}
[debug] [2026-04-15T14:57:53.054Z] Checked if tokens are valid: true, expires at: 1776268654553
[debug] [2026-04-15T14:57:53.054Z] Checked if tokens are valid: true, expires at: 1776268654553
[debug] [2026-04-15T14:57:53.054Z] >>> [apiv2][query] POST https://firebasehosting.googleapis.com/v1beta1/projects/-/sites/safe-yj/versions [none]
[debug] [2026-04-15T14:57:53.055Z] >>> [apiv2][body] POST https://firebasehosting.googleapis.com/v1beta1/projects/-/sites/safe-yj/versions {"status":"CREATED","labels":{"deployment-tool":"cli-firebase"}}
[debug] [2026-04-15T14:57:54.714Z] <<< [apiv2][status] POST https://firebasehosting.googleapis.com/v1beta1/projects/-/sites/safe-yj/versions 200
[debug] [2026-04-15T14:57:54.714Z] <<< [apiv2][body] POST https://firebasehosting.googleapis.com/v1beta1/projects/-/sites/safe-yj/versions {"name":"projects/431566844297/sites/safe-yj/versions/4a4d38704841409b","status":"CREATED","config":{},"labels":{"deployment-tool":"cli-firebase"}}
[debug] [2026-04-15T14:57:54.715Z] Checked if tokens are valid: true, expires at: 1776268654553
[debug] [2026-04-15T14:57:54.715Z] Checked if tokens are valid: true, expires at: 1776268654553
[debug] [2026-04-15T14:57:54.715Z] >>> [apiv2][query] GET https://cloudbilling.googleapis.com/v1/projects/safe-yj/billingInfo [none]
[debug] [2026-04-15T14:57:55.151Z] <<< [apiv2][status] GET https://cloudbilling.googleapis.com/v1/projects/safe-yj/billingInfo 200
[debug] [2026-04-15T14:57:55.151Z] <<< [apiv2][body] GET https://cloudbilling.googleapis.com/v1/projects/safe-yj/billingInfo {"name":"projects/safe-yj/billingInfo","projectId":"safe-yj","billingAccountName":"billingAccounts/01F012-ED2341-BFD0CA","billingEnabled":true}
[debug] [2026-04-15T14:57:55.155Z] Checked if tokens are valid: true, expires at: 1776268654553
[debug] [2026-04-15T14:57:55.155Z] Checked if tokens are valid: true, expires at: 1776268654553
[debug] [2026-04-15T14:57:55.155Z] >>> [apiv2][query] POST https://cloudfunctions.googleapis.com/v2/projects/safe-yj/locations/us-central1/functions:generateUploadUrl [none]
[debug] [2026-04-15T14:57:56.347Z] <<< [apiv2][status] POST https://cloudfunctions.googleapis.com/v2/projects/safe-yj/locations/us-central1/functions:generateUploadUrl 200
[debug] [2026-04-15T14:57:56.347Z] <<< [apiv2][body] POST https://cloudfunctions.googleapis.com/v2/projects/safe-yj/locations/us-central1/functions:generateUploadUrl {"uploadUrl":"https://storage.googleapis.com/gcf-v2-uploads-431566844297.us-central1.cloudfunctions.appspot.com/977d1ebd-cb8b-4189-8465-f5a830a4ea7b.zip?GoogleAccessId=service-431566844297@gcf-admin-robot.iam.gserviceaccount.com&Expires=1776266876&Signature=MiYuCJpwvzLXVUu4Ru%2BCxfklPM%2FGFEZ%2FIHzFqyTdqP9xDepweYX1mBv7HOdWgBoVo5WlsCr0WWmh5zfaxKN2MONLD9jRPn4aVb95xmV6HG6VagZflA%2FYffbAo5PB7EXgOr9AZ5b4vJngyFRBXQk1RIKwvL5J9xerjTXGSAsF9sBcwJK8BPdVvEdAyB1Xr5S8dBN8vst7nf4aJdm6DcCfvvKvL5D0EUpXAQ0AIoJDANNdKL8y%2Bi1xtOCj9UJQHLBkuWBecikCRwCE%2FqUWNnFHeeghWqlF70TVjGzvNROv%2BYOuHodHIgII0nQx7SOx9CBIFAJE2FzeGIHdM6k0WLOYtw%3D%3D","storageSource":{"bucket":"gcf-v2-uploads-431566844297.us-central1.cloudfunctions.appspot.com","object":"977d1ebd-cb8b-4189-8465-f5a830a4ea7b.zip"}}
[debug] [2026-04-15T14:57:56.349Z] >>> [apiv2][query] PUT https://storage.googleapis.com/gcf-v2-uploads-431566844297.us-central1.cloudfunctions.appspot.com/977d1ebd-cb8b-4189-8465-f5a830a4ea7b.zip GoogleAccessId=service-431566844297%40gcf-admin-robot.iam.gserviceaccount.com&Expires=1776266876&Signature=MiYuCJpwvzLXVUu4Ru%2BCxfklPM%2FGFEZ%2FIHzFqyTdqP9xDepweYX1mBv7HOdWgBoVo5WlsCr0WWmh5zfaxKN2MONLD9jRPn4aVb95xmV6HG6VagZflA%2FYffbAo5PB7EXgOr9AZ5b4vJngyFRBXQk1RIKwvL5J9xerjTXGSAsF9sBcwJK8BPdVvEdAyB1Xr5S8dBN8vst7nf4aJdm6DcCfvvKvL5D0EUpXAQ0AIoJDANNdKL8y%2Bi1xtOCj9UJQHLBkuWBecikCRwCE%2FqUWNnFHeeghWqlF70TVjGzvNROv%2BYOuHodHIgII0nQx7SOx9CBIFAJE2FzeGIHdM6k0WLOYtw%3D%3D
[debug] [2026-04-15T14:57:56.349Z] >>> [apiv2][body] PUT https://storage.googleapis.com/gcf-v2-uploads-431566844297.us-central1.cloudfunctions.appspot.com/977d1ebd-cb8b-4189-8465-f5a830a4ea7b.zip [stream]
[debug] [2026-04-15T14:57:56.914Z] <<< [apiv2][status] PUT https://storage.googleapis.com/gcf-v2-uploads-431566844297.us-central1.cloudfunctions.appspot.com/977d1ebd-cb8b-4189-8465-f5a830a4ea7b.zip 200
[debug] [2026-04-15T14:57:56.915Z] <<< [apiv2][body] PUT https://storage.googleapis.com/gcf-v2-uploads-431566844297.us-central1.cloudfunctions.appspot.com/977d1ebd-cb8b-4189-8465-f5a830a4ea7b.zip [omitted]
[info] ✔  functions: functions source uploaded successfully 
[info] i  hosting[safe-yj]: beginning deploy... 
[info] i  hosting[safe-yj]: found 11 files in public 
[debug] [2026-04-15T14:57:56.944Z] [hosting] uploading with 200 concurrency
[debug] [2026-04-15T14:57:56.954Z] Checked if tokens are valid: true, expires at: 1776268654553
[debug] [2026-04-15T14:57:56.954Z] Checked if tokens are valid: true, expires at: 1776268654553
[debug] [2026-04-15T14:57:56.955Z] [hosting] hash cache [cHVibGlj] stored for 11 files
[debug] [2026-04-15T14:57:56.955Z] [hosting][hash queue][FINAL] {"max":4,"min":0,"avg":0.6363636363636364,"active":0,"complete":11,"success":11,"errored":0,"retried":0,"total":11,"elapsed":6}
[debug] [2026-04-15T14:57:56.955Z] >>> [apiv2][query] POST https://firebasehosting.googleapis.com/v1beta1/projects/431566844297/sites/safe-yj/versions/4a4d38704841409b:populateFiles [none]
[debug] [2026-04-15T14:57:56.955Z] >>> [apiv2][body] POST https://firebasehosting.googleapis.com/v1beta1/projects/431566844297/sites/safe-yj/versions/4a4d38704841409b:populateFiles {"files":{"/manifest-yj.json":"9932c4ec8a9dc5e52419572617a3597f676638f189613294b1bdf0045acf2509","/manifest-bc.json":"0ce58f47e0d1674a337ae777de37a61a276ac166519a769aceb890312428049e","/icon-yj-512.png":"78fde36497078d96959a5ee2f1854f8fa215211d403b0828c5a87d446ef53ab0","/icon-yj-192.png":"64841018806844739ee605f4c036c6df5a4839b1bc2776d33f0d5472a538adf7","/icon-yj-180.png":"f31da6bd76d9cef33812bd76021a5a897145a18694329ce74ef1f8f72a795ced","/icon-bc-512.png":"ebc6c6f4b1ebb02abc157725d471e334afb0318c114fa52c7b4807ad53537bc8","/icon-bc-192.png":"cb0c07d686e0da73bee73b6d5f0cfbf029a8f8336ca13d7f3857d419d0ab02f6","/icon-bc-180.png":"9879b33144d4f42c435e756f3be44b96804ec527c7b7623e7733b4dd83ba1f04","/firebase-messaging-sw.js":"d3a820894868c39a2abf501735dc7141b91b26ea14dcbe640725497c45b19e03","/bc.html":"568a3d7b75e4e2c243c4487e8c3d512a4bf2e44fed7182b5770d5b1404b13d98","/yj.html":"c57fcdc66f09e87f281c40f2272b1b43a6787c03b74972fb0a1b0236baa228fe"}}
[debug] [2026-04-15T14:57:57.695Z] <<< [apiv2][status] POST https://firebasehosting.googleapis.com/v1beta1/projects/431566844297/sites/safe-yj/versions/4a4d38704841409b:populateFiles 200
[debug] [2026-04-15T14:57:57.695Z] <<< [apiv2][body] POST https://firebasehosting.googleapis.com/v1beta1/projects/431566844297/sites/safe-yj/versions/4a4d38704841409b:populateFiles {"uploadRequiredHashes":["c57fcdc66f09e87f281c40f2272b1b43a6787c03b74972fb0a1b0236baa228fe","568a3d7b75e4e2c243c4487e8c3d512a4bf2e44fed7182b5770d5b1404b13d98"],"uploadUrl":"https://upload-firebasehosting.googleapis.com/upload/sites/safe-yj/versions/4a4d38704841409b/files"}
[debug] [2026-04-15T14:57:57.696Z] Checked if tokens are valid: true, expires at: 1776268654553
[debug] [2026-04-15T14:57:57.696Z] Checked if tokens are valid: true, expires at: 1776268654553
[debug] [2026-04-15T14:57:57.696Z] Checked if tokens are valid: true, expires at: 1776268654553
[debug] [2026-04-15T14:57:57.697Z] Checked if tokens are valid: true, expires at: 1776268654553
[debug] [2026-04-15T14:57:57.697Z] >>> [apiv2][query] POST https://upload-firebasehosting.googleapis.com/upload/sites/safe-yj/versions/4a4d38704841409b/files/c57fcdc66f09e87f281c40f2272b1b43a6787c03b74972fb0a1b0236baa228fe [none]
[debug] [2026-04-15T14:57:57.697Z] >>> [apiv2][body] POST https://upload-firebasehosting.googleapis.com/upload/sites/safe-yj/versions/4a4d38704841409b/files/c57fcdc66f09e87f281c40f2272b1b43a6787c03b74972fb0a1b0236baa228fe [stream]
[debug] [2026-04-15T14:57:57.699Z] >>> [apiv2][query] POST https://upload-firebasehosting.googleapis.com/upload/sites/safe-yj/versions/4a4d38704841409b/files/568a3d7b75e4e2c243c4487e8c3d512a4bf2e44fed7182b5770d5b1404b13d98 [none]
[debug] [2026-04-15T14:57:57.699Z] >>> [apiv2][body] POST https://upload-firebasehosting.googleapis.com/upload/sites/safe-yj/versions/4a4d38704841409b/files/568a3d7b75e4e2c243c4487e8c3d512a4bf2e44fed7182b5770d5b1404b13d98 [stream]
[debug] [2026-04-15T14:57:57.702Z] [hosting][populate queue][FINAL] {"max":743,"min":743,"avg":743,"active":0,"complete":1,"success":1,"errored":0,"retried":0,"total":1,"elapsed":749}
[debug] [2026-04-15T14:57:57.702Z] [hosting] uploads queued: 2
[debug] [2026-04-15T14:57:59.506Z] <<< [apiv2][status] POST https://upload-firebasehosting.googleapis.com/upload/sites/safe-yj/versions/4a4d38704841409b/files/568a3d7b75e4e2c243c4487e8c3d512a4bf2e44fed7182b5770d5b1404b13d98 200
[debug] [2026-04-15T14:57:59.507Z] <<< [apiv2][body] POST https://upload-firebasehosting.googleapis.com/upload/sites/safe-yj/versions/4a4d38704841409b/files/568a3d7b75e4e2c243c4487e8c3d512a4bf2e44fed7182b5770d5b1404b13d98 [stream]
[debug] [2026-04-15T14:57:59.528Z] <<< [apiv2][status] POST https://upload-firebasehosting.googleapis.com/upload/sites/safe-yj/versions/4a4d38704841409b/files/c57fcdc66f09e87f281c40f2272b1b43a6787c03b74972fb0a1b0236baa228fe 200
[debug] [2026-04-15T14:57:59.529Z] <<< [apiv2][body] POST https://upload-firebasehosting.googleapis.com/upload/sites/safe-yj/versions/4a4d38704841409b/files/c57fcdc66f09e87f281c40f2272b1b43a6787c03b74972fb0a1b0236baa228fe [stream]
[debug] [2026-04-15T14:57:59.529Z] [hosting][upload queue][FINAL] {"max":1833,"min":1811,"avg":1822,"active":0,"complete":2,"success":2,"errored":0,"retried":0,"total":2,"elapsed":1833}
[info] ✔  hosting[safe-yj]: file upload complete 
[debug] [2026-04-15T14:57:59.531Z] [hosting] deploy completed after 2607ms
[info] i  functions: updating Node.js 20 (2nd Gen) function sendSOSNotification(us-central1)... 
[info] i  functions: updating Node.js 20 (2nd Gen) function cleanupExpiredHomeEvents(us-central1)... 
[debug] [2026-04-15T14:57:59.545Z] Checked if tokens are valid: true, expires at: 1776268654553
[debug] [2026-04-15T14:57:59.545Z] Checked if tokens are valid: true, expires at: 1776268654553
[debug] [2026-04-15T14:57:59.545Z] >>> [apiv2][query] PATCH https://cloudfunctions.googleapis.com/v2/projects/safe-yj/locations/us-central1/functions/sendSOSNotification updateMask=name%2CbuildConfig.runtime%2CbuildConfig.entryPoint%2CbuildConfig.source.storageSource.bucket%2CbuildConfig.source.storageSource.object%2CbuildConfig.environmentVariables%2CbuildConfig.sourceToken%2CserviceConfig.environmentVariables%2CserviceConfig.ingressSettings%2CserviceConfig.timeoutSeconds%2CserviceConfig.serviceAccountEmail%2CserviceConfig.availableMemory%2CserviceConfig.minInstanceCount%2CserviceConfig.maxInstanceCount%2CserviceConfig.maxInstanceRequestConcurrency%2CserviceConfig.availableCpu%2CserviceConfig.vpcConnector%2CserviceConfig.vpcConnectorEgressSettings%2CserviceConfig.directVpcNetworkInterface%2CserviceConfig.directVpcEgress%2Clabels%2CeventTrigger.eventType%2CeventTrigger.retryPolicy%2CeventTrigger.eventFilters%2CeventTrigger.triggerRegion
[debug] [2026-04-15T14:57:59.545Z] >>> [apiv2][body] PATCH https://cloudfunctions.googleapis.com/v2/projects/safe-yj/locations/us-central1/functions/sendSOSNotification {"name":"projects/safe-yj/locations/us-central1/functions/sendSOSNotification","buildConfig":{"runtime":"nodejs20","entryPoint":"sendSOSNotification","source":{"storageSource":{"bucket":"gcf-v2-uploads-431566844297.us-central1.cloudfunctions.appspot.com","object":"977d1ebd-cb8b-4189-8465-f5a830a4ea7b.zip"}},"environmentVariables":{"GOOGLE_NODE_RUN_SCRIPTS":""}},"serviceConfig":{"environmentVariables":{"FIREBASE_CONFIG":"{\"projectId\":\"safe-yj\",\"storageBucket\":\"safe-yj.firebasestorage.app\"}","GCLOUD_PROJECT":"safe-yj","EVENTARC_CLOUD_EVENT_SOURCE":"projects/safe-yj/locations/us-central1/services/sendSOSNotification","FUNCTION_SIGNATURE_TYPE":"cloudevent","FUNCTION_TARGET":"sendSOSNotification","LOG_EXECUTION_ID":"true"},"ingressSettings":null,"timeoutSeconds":null,"serviceAccountEmail":null,"availableMemory":"256Mi","minInstanceCount":null,"maxInstanceCount":null,"maxInstanceRequestConcurrency":80,"availableCpu":"1","vpcConnector":null,"vpcConnectorEgressSettings":null,"directVpcNetworkInterface":null,"directVpcEgress":null},"labels":{"deployment-tool":"cli-firebase","firebase-functions-hash":"6022010c3bd9cd3fbcab78cd53f41f571f55c842"},"eventTrigger":{"eventType":"google.cloud.firestore.document.v1.created","retryPolicy":"RETRY_POLICY_DO_NOT_RETRY","eventFilters":[{"attribute":"database","value":"(default)"},{"attribute":"namespace","value":"(default)"},{"attribute":"document","value":"home_events/{docId}","operator":"match-path-pattern"}],"triggerRegion":"asia-northeast3"}}
[debug] [2026-04-15T14:58:02.832Z] <<< [apiv2][status] PATCH https://cloudfunctions.googleapis.com/v2/projects/safe-yj/locations/us-central1/functions/sendSOSNotification 200
[debug] [2026-04-15T14:58:02.833Z] <<< [apiv2][body] PATCH https://cloudfunctions.googleapis.com/v2/projects/safe-yj/locations/us-central1/functions/sendSOSNotification {"name":"projects/safe-yj/locations/us-central1/operations/operation-1776265080527-64f80f126d8ef-5dde8bf0-4fa77d4a","metadata":{"@type":"type.googleapis.com/google.cloud.functions.v2.OperationMetadata","createTime":"2026-04-15T14:58:02.725048371Z","target":"projects/safe-yj/locations/us-central1/functions/sendSOSNotification","verb":"update","cancelRequested":false,"apiVersion":"v2"},"done":false}
[debug] [2026-04-15T14:58:02.836Z] Checked if tokens are valid: true, expires at: 1776268654553
[debug] [2026-04-15T14:58:02.836Z] Checked if tokens are valid: true, expires at: 1776268654553
[debug] [2026-04-15T14:58:02.837Z] >>> [apiv2][query] GET https://cloudfunctions.googleapis.com/v2/projects/safe-yj/locations/us-central1/operations/operation-1776265080527-64f80f126d8ef-5dde8bf0-4fa77d4a [none]
[debug] [2026-04-15T14:58:03.911Z] <<< [apiv2][status] GET https://cloudfunctions.googleapis.com/v2/projects/safe-yj/locations/us-central1/operations/operation-1776265080527-64f80f126d8ef-5dde8bf0-4fa77d4a 200
[debug] [2026-04-15T14:58:03.911Z] <<< [apiv2][body] GET https://cloudfunctions.googleapis.com/v2/projects/safe-yj/locations/us-central1/operations/operation-1776265080527-64f80f126d8ef-5dde8bf0-4fa77d4a {"name":"projects/safe-yj/locations/us-central1/operations/operation-1776265080527-64f80f126d8ef-5dde8bf0-4fa77d4a","metadata":{"@type":"type.googleapis.com/google.cloud.functions.v2.OperationMetadata","createTime":"2026-04-15T14:58:02.725048371Z","target":"projects/safe-yj/locations/us-central1/functions/sendSOSNotification","verb":"update","cancelRequested":false,"apiVersion":"v2","requestResource":{"@type":"type.googleapis.com/google.cloud.functions.v2.Function","name":"projects/safe-yj/locations/us-central1/functions/sendSOSNotification","buildConfig":{"runtime":"nodejs20","entryPoint":"sendSOSNotification","source":{"storageSource":{"bucket":"gcf-v2-sources-431566844297-us-central1","object":"sendSOSNotification/function-source.zip","generation":"1776265082575784"}},"environmentVariables":{"GOOGLE_NODE_RUN_SCRIPTS":""},"dockerRepository":"projects/safe-yj/locations/us-central1/repositories/gcf-artifacts","sourceProvenance":{"resolvedStorageSource":{"bucket":"gcf-v2-sources-431566844297-us-central1","object":"sendSOSNotification/function-source.zip","generation":"1776000275992194"}},"dockerRegistry":"ARTIFACT_REGISTRY","serviceAccount":"projects/safe-yj/serviceAccounts/431566844297-compute@developer.gserviceaccount.com","automaticUpdatePolicy":{}},"serviceConfig":{"service":"projects/safe-yj/locations/us-central1/services/sendsosnotification","timeoutSeconds":60,"environmentVariables":{"FIREBASE_CONFIG":"{\"projectId\":\"safe-yj\",\"storageBucket\":\"safe-yj.firebasestorage.app\"}","GCLOUD_PROJECT":"safe-yj","EVENTARC_CLOUD_EVENT_SOURCE":"projects/safe-yj/locations/us-central1/services/sendSOSNotification","FUNCTION_SIGNATURE_TYPE":"cloudevent","FUNCTION_TARGET":"sendSOSNotification","LOG_EXECUTION_ID":"true"},"ingressSettings":"ALLOW_ALL","uri":"https://sendsosnotification-zdgujvjrva-uc.a.run.app","serviceAccountEmail":"431566844297-compute@developer.gserviceaccount.com","availableMemory":"256Mi","allTrafficOnLatestRevision":true,"revision":"sendsosnotification-00013-moh","maxInstanceRequestConcurrency":80,"availableCpu":"1"},"eventTrigger":{"trigger":"projects/safe-yj/locations/asia-northeast3/triggers/sendsosnotification-978532","triggerRegion":"asia-northeast3","eventType":"google.cloud.firestore.document.v1.created","eventFilters":[{"attribute":"database","value":"(default)"},{"attribute":"namespace","value":"(default)"},{"attribute":"document","value":"home_events/{docId}","operator":"match-path-pattern"}],"pubsubTopic":"projects/safe-yj/topics/eventarc-asia-northeast3-sendsosnotification-978532-859","serviceAccountEmail":"431566844297-compute@developer.gserviceaccount.com","retryPolicy":"RETRY_POLICY_DO_NOT_RETRY"},"state":"ACTIVE","labels":{"deployment-tool":"cli-firebase","firebase-functions-hash":"6022010c3bd9cd3fbcab78cd53f41f571f55c842"},"environment":"GEN_2","url":"https://us-central1-safe-yj.cloudfunctions.net/sendSOSNotification","satisfiesPzi":true},"stages":[{"name":"BUILD","message":"Build in progress","state":"IN_PROGRESS","resource":"projects/431566844297/locations/us-central1/builds/a57544a7-4bbc-4bc4-9a5f-f2ee6be091e4","resourceUri":"https://console.cloud.google.com/cloud-build/builds;region=us-central1/a57544a7-4bbc-4bc4-9a5f-f2ee6be091e4?project=431566844297"},{"name":"SERVICE","state":"NOT_STARTED"},{"name":"TRIGGER","state":"NOT_STARTED"}],"operationType":"UPDATE_FUNCTION","buildName":"projects/431566844297/locations/us-central1/builds/a57544a7-4bbc-4bc4-9a5f-f2ee6be091e4"},"done":false}
[debug] [2026-04-15T14:58:04.415Z] [update-default-us-central1-sendSOSNotification] Retrying task index 0
[debug] [2026-04-15T14:58:04.416Z] Checked if tokens are valid: true, expires at: 1776268654553
[debug] [2026-04-15T14:58:04.416Z] Checked if tokens are valid: true, expires at: 1776268654553
[debug] [2026-04-15T14:58:04.416Z] >>> [apiv2][query] GET https://cloudfunctions.googleapis.com/v2/projects/safe-yj/locations/us-central1/operations/operation-1776265080527-64f80f126d8ef-5dde8bf0-4fa77d4a [none]
[debug] [2026-04-15T14:58:05.484Z] <<< [apiv2][status] GET https://cloudfunctions.googleapis.com/v2/projects/safe-yj/locations/us-central1/operations/operation-1776265080527-64f80f126d8ef-5dde8bf0-4fa77d4a 200
[debug] [2026-04-15T14:58:05.484Z] <<< [apiv2][body] GET https://cloudfunctions.googleapis.com/v2/projects/safe-yj/locations/us-central1/operations/operation-1776265080527-64f80f126d8ef-5dde8bf0-4fa77d4a {"name":"projects/safe-yj/locations/us-central1/operations/operation-1776265080527-64f80f126d8ef-5dde8bf0-4fa77d4a","metadata":{"@type":"type.googleapis.com/google.cloud.functions.v2.OperationMetadata","createTime":"2026-04-15T14:58:02.725048371Z","target":"projects/safe-yj/locations/us-central1/functions/sendSOSNotification","verb":"update","cancelRequested":false,"apiVersion":"v2","requestResource":{"@type":"type.googleapis.com/google.cloud.functions.v2.Function","name":"projects/safe-yj/locations/us-central1/functions/sendSOSNotification","buildConfig":{"runtime":"nodejs20","entryPoint":"sendSOSNotification","source":{"storageSource":{"bucket":"gcf-v2-sources-431566844297-us-central1","object":"sendSOSNotification/function-source.zip","generation":"1776265082575784"}},"environmentVariables":{"GOOGLE_NODE_RUN_SCRIPTS":""},"dockerRepository":"projects/safe-yj/locations/us-central1/repositories/gcf-artifacts","sourceProvenance":{"resolvedStorageSource":{"bucket":"gcf-v2-sources-431566844297-us-central1","object":"sendSOSNotification/function-source.zip","generation":"1776000275992194"}},"dockerRegistry":"ARTIFACT_REGISTRY","serviceAccount":"projects/safe-yj/serviceAccounts/431566844297-compute@developer.gserviceaccount.com","automaticUpdatePolicy":{}},"serviceConfig":{"service":"projects/safe-yj/locations/us-central1/services/sendsosnotification","timeoutSeconds":60,"environmentVariables":{"FIREBASE_CONFIG":"{\"projectId\":\"safe-yj\",\"storageBucket\":\"safe-yj.firebasestorage.app\"}","GCLOUD_PROJECT":"safe-yj","EVENTARC_CLOUD_EVENT_SOURCE":"projects/safe-yj/locations/us-central1/services/sendSOSNotification","FUNCTION_SIGNATURE_TYPE":"cloudevent","FUNCTION_TARGET":"sendSOSNotification","LOG_EXECUTION_ID":"true"},"ingressSettings":"ALLOW_ALL","uri":"https://sendsosnotification-zdgujvjrva-uc.a.run.app","serviceAccountEmail":"431566844297-compute@developer.gserviceaccount.com","availableMemory":"256Mi","allTrafficOnLatestRevision":true,"revision":"sendsosnotification-00013-moh","maxInstanceRequestConcurrency":80,"availableCpu":"1"},"eventTrigger":{"trigger":"projects/safe-yj/locations/asia-northeast3/triggers/sendsosnotification-978532","triggerRegion":"asia-northeast3","eventType":"google.cloud.firestore.document.v1.created","eventFilters":[{"attribute":"database","value":"(default)"},{"attribute":"namespace","value":"(default)"},{"attribute":"document","value":"home_events/{docId}","operator":"match-path-pattern"}],"pubsubTopic":"projects/safe-yj/topics/eventarc-asia-northeast3-sendsosnotification-978532-859","serviceAccountEmail":"431566844297-compute@developer.gserviceaccount.com","retryPolicy":"RETRY_POLICY_DO_NOT_RETRY"},"state":"ACTIVE","labels":{"deployment-tool":"cli-firebase","firebase-functions-hash":"6022010c3bd9cd3fbcab78cd53f41f571f55c842"},"environment":"GEN_2","url":"https://us-central1-safe-yj.cloudfunctions.net/sendSOSNotification","satisfiesPzi":true},"stages":[{"name":"BUILD","message":"Build in progress","state":"IN_PROGRESS","resource":"projects/431566844297/locations/us-central1/builds/a57544a7-4bbc-4bc4-9a5f-f2ee6be091e4","resourceUri":"https://console.cloud.google.com/cloud-build/builds;region=us-central1/a57544a7-4bbc-4bc4-9a5f-f2ee6be091e4?project=431566844297"},{"name":"SERVICE","state":"NOT_STARTED"},{"name":"TRIGGER","state":"NOT_STARTED"}],"operationType":"UPDATE_FUNCTION","buildName":"projects/431566844297/locations/us-central1/builds/a57544a7-4bbc-4bc4-9a5f-f2ee6be091e4"},"done":false}
[debug] [2026-04-15T14:58:06.485Z] [update-default-us-central1-sendSOSNotification] Retrying task index 0
[debug] [2026-04-15T14:58:06.486Z] Checked if tokens are valid: true, expires at: 1776268654553
[debug] [2026-04-15T14:58:06.486Z] Checked if tokens are valid: true, expires at: 1776268654553
[debug] [2026-04-15T14:58:06.486Z] >>> [apiv2][query] GET https://cloudfunctions.googleapis.com/v2/projects/safe-yj/locations/us-central1/operations/operation-1776265080527-64f80f126d8ef-5dde8bf0-4fa77d4a [none]
[debug] [2026-04-15T14:58:07.551Z] <<< [apiv2][status] GET https://cloudfunctions.googleapis.com/v2/projects/safe-yj/locations/us-central1/operations/operation-1776265080527-64f80f126d8ef-5dde8bf0-4fa77d4a 200
[debug] [2026-04-15T14:58:07.552Z] <<< [apiv2][body] GET https://cloudfunctions.googleapis.com/v2/projects/safe-yj/locations/us-central1/operations/operation-1776265080527-64f80f126d8ef-5dde8bf0-4fa77d4a {"name":"projects/safe-yj/locations/us-central1/operations/operation-1776265080527-64f80f126d8ef-5dde8bf0-4fa77d4a","metadata":{"@type":"type.googleapis.com/google.cloud.functions.v2.OperationMetadata","createTime":"2026-04-15T14:58:02.725048371Z","target":"projects/safe-yj/locations/us-central1/functions/sendSOSNotification","verb":"update","cancelRequested":false,"apiVersion":"v2","requestResource":{"@type":"type.googleapis.com/google.cloud.functions.v2.Function","name":"projects/safe-yj/locations/us-central1/functions/sendSOSNotification","buildConfig":{"runtime":"nodejs20","entryPoint":"sendSOSNotification","source":{"storageSource":{"bucket":"gcf-v2-sources-431566844297-us-central1","object":"sendSOSNotification/function-source.zip","generation":"1776265082575784"}},"environmentVariables":{"GOOGLE_NODE_RUN_SCRIPTS":""},"dockerRepository":"projects/safe-yj/locations/us-central1/repositories/gcf-artifacts","sourceProvenance":{"resolvedStorageSource":{"bucket":"gcf-v2-sources-431566844297-us-central1","object":"sendSOSNotification/function-source.zip","generation":"1776000275992194"}},"dockerRegistry":"ARTIFACT_REGISTRY","serviceAccount":"projects/safe-yj/serviceAccounts/431566844297-compute@developer.gserviceaccount.com","automaticUpdatePolicy":{}},"serviceConfig":{"service":"projects/safe-yj/locations/us-central1/services/sendsosnotification","timeoutSeconds":60,"environmentVariables":{"FIREBASE_CONFIG":"{\"projectId\":\"safe-yj\",\"storageBucket\":\"safe-yj.firebasestorage.app\"}","GCLOUD_PROJECT":"safe-yj","EVENTARC_CLOUD_EVENT_SOURCE":"projects/safe-yj/locations/us-central1/services/sendSOSNotification","FUNCTION_SIGNATURE_TYPE":"cloudevent","FUNCTION_TARGET":"sendSOSNotification","LOG_EXECUTION_ID":"true"},"ingressSettings":"ALLOW_ALL","uri":"https://sendsosnotification-zdgujvjrva-uc.a.run.app","serviceAccountEmail":"431566844297-compute@developer.gserviceaccount.com","availableMemory":"256Mi","allTrafficOnLatestRevision":true,"revision":"sendsosnotification-00013-moh","maxInstanceRequestConcurrency":80,"availableCpu":"1"},"eventTrigger":{"trigger":"projects/safe-yj/locations/asia-northeast3/triggers/sendsosnotification-978532","triggerRegion":"asia-northeast3","eventType":"google.cloud.firestore.document.v1.created","eventFilters":[{"attribute":"database","value":"(default)"},{"attribute":"namespace","value":"(default)"},{"attribute":"document","value":"home_events/{docId}","operator":"match-path-pattern"}],"pubsubTopic":"projects/safe-yj/topics/eventarc-asia-northeast3-sendsosnotification-978532-859","serviceAccountEmail":"431566844297-compute@developer.gserviceaccount.com","retryPolicy":"RETRY_POLICY_DO_NOT_RETRY"},"state":"ACTIVE","labels":{"deployment-tool":"cli-firebase","firebase-functions-hash":"6022010c3bd9cd3fbcab78cd53f41f571f55c842"},"environment":"GEN_2","url":"https://us-central1-safe-yj.cloudfunctions.net/sendSOSNotification","satisfiesPzi":true},"stages":[{"name":"BUILD","message":"Build in progress","state":"IN_PROGRESS","resource":"projects/431566844297/locations/us-central1/builds/a57544a7-4bbc-4bc4-9a5f-f2ee6be091e4","resourceUri":"https://console.cloud.google.com/cloud-build/builds;region=us-central1/a57544a7-4bbc-4bc4-9a5f-f2ee6be091e4?project=431566844297"},{"name":"SERVICE","state":"NOT_STARTED"},{"name":"TRIGGER","state":"NOT_STARTED"}],"operationType":"UPDATE_FUNCTION","buildName":"projects/431566844297/locations/us-central1/builds/a57544a7-4bbc-4bc4-9a5f-f2ee6be091e4"},"done":false}
[debug] [2026-04-15T14:58:09.557Z] [update-default-us-central1-sendSOSNotification] Retrying task index 0
[debug] [2026-04-15T14:58:09.561Z] Checked if tokens are valid: true, expires at: 1776268654553
[debug] [2026-04-15T14:58:09.561Z] Checked if tokens are valid: true, expires at: 1776268654553
[debug] [2026-04-15T14:58:09.562Z] >>> [apiv2][query] GET https://cloudfunctions.googleapis.com/v2/projects/safe-yj/locations/us-central1/operations/operation-1776265080527-64f80f126d8ef-5dde8bf0-4fa77d4a [none]
[debug] [2026-04-15T14:58:10.649Z] <<< [apiv2][status] GET https://cloudfunctions.googleapis.com/v2/projects/safe-yj/locations/us-central1/operations/operation-1776265080527-64f80f126d8ef-5dde8bf0-4fa77d4a 200
[debug] [2026-04-15T14:58:10.649Z] <<< [apiv2][body] GET https://cloudfunctions.googleapis.com/v2/projects/safe-yj/locations/us-central1/operations/operation-1776265080527-64f80f126d8ef-5dde8bf0-4fa77d4a {"name":"projects/safe-yj/locations/us-central1/operations/operation-1776265080527-64f80f126d8ef-5dde8bf0-4fa77d4a","metadata":{"@type":"type.googleapis.com/google.cloud.functions.v2.OperationMetadata","createTime":"2026-04-15T14:58:02.725048371Z","target":"projects/safe-yj/locations/us-central1/functions/sendSOSNotification","verb":"update","cancelRequested":false,"apiVersion":"v2","requestResource":{"@type":"type.googleapis.com/google.cloud.functions.v2.Function","name":"projects/safe-yj/locations/us-central1/functions/sendSOSNotification","buildConfig":{"runtime":"nodejs20","entryPoint":"sendSOSNotification","source":{"storageSource":{"bucket":"gcf-v2-sources-431566844297-us-central1","object":"sendSOSNotification/function-source.zip","generation":"1776265082575784"}},"environmentVariables":{"GOOGLE_NODE_RUN_SCRIPTS":""},"dockerRepository":"projects/safe-yj/locations/us-central1/repositories/gcf-artifacts","sourceProvenance":{"resolvedStorageSource":{"bucket":"gcf-v2-sources-431566844297-us-central1","object":"sendSOSNotification/function-source.zip","generation":"1776000275992194"}},"dockerRegistry":"ARTIFACT_REGISTRY","serviceAccount":"projects/safe-yj/serviceAccounts/431566844297-compute@developer.gserviceaccount.com","automaticUpdatePolicy":{}},"serviceConfig":{"service":"projects/safe-yj/locations/us-central1/services/sendsosnotification","timeoutSeconds":60,"environmentVariables":{"FIREBASE_CONFIG":"{\"projectId\":\"safe-yj\",\"storageBucket\":\"safe-yj.firebasestorage.app\"}","GCLOUD_PROJECT":"safe-yj","EVENTARC_CLOUD_EVENT_SOURCE":"projects/safe-yj/locations/us-central1/services/sendSOSNotification","FUNCTION_SIGNATURE_TYPE":"cloudevent","FUNCTION_TARGET":"sendSOSNotification","LOG_EXECUTION_ID":"true"},"ingressSettings":"ALLOW_ALL","uri":"https://sendsosnotification-zdgujvjrva-uc.a.run.app","serviceAccountEmail":"431566844297-compute@developer.gserviceaccount.com","availableMemory":"256Mi","allTrafficOnLatestRevision":true,"revision":"sendsosnotification-00013-moh","maxInstanceRequestConcurrency":80,"availableCpu":"1"},"eventTrigger":{"trigger":"projects/safe-yj/locations/asia-northeast3/triggers/sendsosnotification-978532","triggerRegion":"asia-northeast3","eventType":"google.cloud.firestore.document.v1.created","eventFilters":[{"attribute":"database","value":"(default)"},{"attribute":"namespace","value":"(default)"},{"attribute":"document","value":"home_events/{docId}","operator":"match-path-pattern"}],"pubsubTopic":"projects/safe-yj/topics/eventarc-asia-northeast3-sendsosnotification-978532-859","serviceAccountEmail":"431566844297-compute@developer.gserviceaccount.com","retryPolicy":"RETRY_POLICY_DO_NOT_RETRY"},"state":"ACTIVE","labels":{"deployment-tool":"cli-firebase","firebase-functions-hash":"6022010c3bd9cd3fbcab78cd53f41f571f55c842"},"environment":"GEN_2","url":"https://us-central1-safe-yj.cloudfunctions.net/sendSOSNotification","satisfiesPzi":true},"stages":[{"name":"BUILD","message":"Build in progress","state":"IN_PROGRESS","resource":"projects/431566844297/locations/us-central1/builds/a57544a7-4bbc-4bc4-9a5f-f2ee6be091e4","resourceUri":"https://console.cloud.google.com/cloud-build/builds;region=us-central1/a57544a7-4bbc-4bc4-9a5f-f2ee6be091e4?project=431566844297"},{"name":"SERVICE","state":"NOT_STARTED"},{"name":"TRIGGER","state":"NOT_STARTED"}],"operationType":"UPDATE_FUNCTION","buildName":"projects/431566844297/locations/us-central1/builds/a57544a7-4bbc-4bc4-9a5f-f2ee6be091e4"},"done":false}
[debug] [2026-04-15T14:58:14.652Z] [update-default-us-central1-sendSOSNotification] Retrying task index 0
[debug] [2026-04-15T14:58:14.658Z] Checked if tokens are valid: true, expires at: 1776268654553
[debug] [2026-04-15T14:58:14.658Z] Checked if tokens are valid: true, expires at: 1776268654553
[debug] [2026-04-15T14:58:14.659Z] >>> [apiv2][query] GET https://cloudfunctions.googleapis.com/v2/projects/safe-yj/locations/us-central1/operations/operation-1776265080527-64f80f126d8ef-5dde8bf0-4fa77d4a [none]
[debug] [2026-04-15T14:58:15.706Z] <<< [apiv2][status] GET https://cloudfunctions.googleapis.com/v2/projects/safe-yj/locations/us-central1/operations/operation-1776265080527-64f80f126d8ef-5dde8bf0-4fa77d4a 200
[debug] [2026-04-15T14:58:15.706Z] <<< [apiv2][body] GET https://cloudfunctions.googleapis.com/v2/projects/safe-yj/locations/us-central1/operations/operation-1776265080527-64f80f126d8ef-5dde8bf0-4fa77d4a {"name":"projects/safe-yj/locations/us-central1/operations/operation-1776265080527-64f80f126d8ef-5dde8bf0-4fa77d4a","metadata":{"@type":"type.googleapis.com/google.cloud.functions.v2.OperationMetadata","createTime":"2026-04-15T14:58:02.725048371Z","target":"projects/safe-yj/locations/us-central1/functions/sendSOSNotification","verb":"update","cancelRequested":false,"apiVersion":"v2","requestResource":{"@type":"type.googleapis.com/google.cloud.functions.v2.Function","name":"projects/safe-yj/locations/us-central1/functions/sendSOSNotification","buildConfig":{"runtime":"nodejs20","entryPoint":"sendSOSNotification","source":{"storageSource":{"bucket":"gcf-v2-sources-431566844297-us-central1","object":"sendSOSNotification/function-source.zip","generation":"1776265082575784"}},"environmentVariables":{"GOOGLE_NODE_RUN_SCRIPTS":""},"dockerRepository":"projects/safe-yj/locations/us-central1/repositories/gcf-artifacts","sourceProvenance":{"resolvedStorageSource":{"bucket":"gcf-v2-sources-431566844297-us-central1","object":"sendSOSNotification/function-source.zip","generation":"1776000275992194"}},"dockerRegistry":"ARTIFACT_REGISTRY","serviceAccount":"projects/safe-yj/serviceAccounts/431566844297-compute@developer.gserviceaccount.com","automaticUpdatePolicy":{}},"serviceConfig":{"service":"projects/safe-yj/locations/us-central1/services/sendsosnotification","timeoutSeconds":60,"environmentVariables":{"FIREBASE_CONFIG":"{\"projectId\":\"safe-yj\",\"storageBucket\":\"safe-yj.firebasestorage.app\"}","GCLOUD_PROJECT":"safe-yj","EVENTARC_CLOUD_EVENT_SOURCE":"projects/safe-yj/locations/us-central1/services/sendSOSNotification","FUNCTION_SIGNATURE_TYPE":"cloudevent","FUNCTION_TARGET":"sendSOSNotification","LOG_EXECUTION_ID":"true"},"ingressSettings":"ALLOW_ALL","uri":"https://sendsosnotification-zdgujvjrva-uc.a.run.app","serviceAccountEmail":"431566844297-compute@developer.gserviceaccount.com","availableMemory":"256Mi","allTrafficOnLatestRevision":true,"revision":"sendsosnotification-00013-moh","maxInstanceRequestConcurrency":80,"availableCpu":"1"},"eventTrigger":{"trigger":"projects/safe-yj/locations/asia-northeast3/triggers/sendsosnotification-978532","triggerRegion":"asia-northeast3","eventType":"google.cloud.firestore.document.v1.created","eventFilters":[{"attribute":"database","value":"(default)"},{"attribute":"namespace","value":"(default)"},{"attribute":"document","value":"home_events/{docId}","operator":"match-path-pattern"}],"pubsubTopic":"projects/safe-yj/topics/eventarc-asia-northeast3-sendsosnotification-978532-859","serviceAccountEmail":"431566844297-compute@developer.gserviceaccount.com","retryPolicy":"RETRY_POLICY_DO_NOT_RETRY"},"state":"ACTIVE","labels":{"deployment-tool":"cli-firebase","firebase-functions-hash":"6022010c3bd9cd3fbcab78cd53f41f571f55c842"},"environment":"GEN_2","url":"https://us-central1-safe-yj.cloudfunctions.net/sendSOSNotification","satisfiesPzi":true},"stages":[{"name":"BUILD","message":"Build in progress","state":"IN_PROGRESS","resource":"projects/431566844297/locations/us-central1/builds/a57544a7-4bbc-4bc4-9a5f-f2ee6be091e4","resourceUri":"https://console.cloud.google.com/cloud-build/builds;region=us-central1/a57544a7-4bbc-4bc4-9a5f-f2ee6be091e4?project=431566844297"},{"name":"SERVICE","state":"NOT_STARTED"},{"name":"TRIGGER","state":"NOT_STARTED"}],"operationType":"UPDATE_FUNCTION","buildName":"projects/431566844297/locations/us-central1/builds/a57544a7-4bbc-4bc4-9a5f-f2ee6be091e4"},"done":false}
[debug] [2026-04-15T14:58:23.714Z] [update-default-us-central1-sendSOSNotification] Retrying task index 0
[debug] [2026-04-15T14:58:23.732Z] Checked if tokens are valid: true, expires at: 1776268654553
[debug] [2026-04-15T14:58:23.736Z] Checked if tokens are valid: true, expires at: 1776268654553
[debug] [2026-04-15T14:58:23.737Z] >>> [apiv2][query] GET https://cloudfunctions.googleapis.com/v2/projects/safe-yj/locations/us-central1/operations/operation-1776265080527-64f80f126d8ef-5dde8bf0-4fa77d4a [none]
[debug] [2026-04-15T14:58:24.896Z] <<< [apiv2][status] GET https://cloudfunctions.googleapis.com/v2/projects/safe-yj/locations/us-central1/operations/operation-1776265080527-64f80f126d8ef-5dde8bf0-4fa77d4a 200
[debug] [2026-04-15T14:58:24.896Z] <<< [apiv2][body] GET https://cloudfunctions.googleapis.com/v2/projects/safe-yj/locations/us-central1/operations/operation-1776265080527-64f80f126d8ef-5dde8bf0-4fa77d4a {"name":"projects/safe-yj/locations/us-central1/operations/operation-1776265080527-64f80f126d8ef-5dde8bf0-4fa77d4a","metadata":{"@type":"type.googleapis.com/google.cloud.functions.v2.OperationMetadata","createTime":"2026-04-15T14:58:02.725048371Z","target":"projects/safe-yj/locations/us-central1/functions/sendSOSNotification","verb":"update","cancelRequested":false,"apiVersion":"v2","requestResource":{"@type":"type.googleapis.com/google.cloud.functions.v2.Function","name":"projects/safe-yj/locations/us-central1/functions/sendSOSNotification","buildConfig":{"runtime":"nodejs20","entryPoint":"sendSOSNotification","source":{"storageSource":{"bucket":"gcf-v2-sources-431566844297-us-central1","object":"sendSOSNotification/function-source.zip","generation":"1776265082575784"}},"environmentVariables":{"GOOGLE_NODE_RUN_SCRIPTS":""},"dockerRepository":"projects/safe-yj/locations/us-central1/repositories/gcf-artifacts","sourceProvenance":{"resolvedStorageSource":{"bucket":"gcf-v2-sources-431566844297-us-central1","object":"sendSOSNotification/function-source.zip","generation":"1776000275992194"}},"dockerRegistry":"ARTIFACT_REGISTRY","serviceAccount":"projects/safe-yj/serviceAccounts/431566844297-compute@developer.gserviceaccount.com","automaticUpdatePolicy":{}},"serviceConfig":{"service":"projects/safe-yj/locations/us-central1/services/sendsosnotification","timeoutSeconds":60,"environmentVariables":{"FIREBASE_CONFIG":"{\"projectId\":\"safe-yj\",\"storageBucket\":\"safe-yj.firebasestorage.app\"}","GCLOUD_PROJECT":"safe-yj","EVENTARC_CLOUD_EVENT_SOURCE":"projects/safe-yj/locations/us-central1/services/sendSOSNotification","FUNCTION_SIGNATURE_TYPE":"cloudevent","FUNCTION_TARGET":"sendSOSNotification","LOG_EXECUTION_ID":"true"},"ingressSettings":"ALLOW_ALL","uri":"https://sendsosnotification-zdgujvjrva-uc.a.run.app","serviceAccountEmail":"431566844297-compute@developer.gserviceaccount.com","availableMemory":"256Mi","allTrafficOnLatestRevision":true,"revision":"sendsosnotification-00013-moh","maxInstanceRequestConcurrency":80,"availableCpu":"1"},"eventTrigger":{"trigger":"projects/safe-yj/locations/asia-northeast3/triggers/sendsosnotification-978532","triggerRegion":"asia-northeast3","eventType":"google.cloud.firestore.document.v1.created","eventFilters":[{"attribute":"database","value":"(default)"},{"attribute":"namespace","value":"(default)"},{"attribute":"document","value":"home_events/{docId}","operator":"match-path-pattern"}],"pubsubTopic":"projects/safe-yj/topics/eventarc-asia-northeast3-sendsosnotification-978532-859","serviceAccountEmail":"431566844297-compute@developer.gserviceaccount.com","retryPolicy":"RETRY_POLICY_DO_NOT_RETRY"},"state":"ACTIVE","labels":{"deployment-tool":"cli-firebase","firebase-functions-hash":"6022010c3bd9cd3fbcab78cd53f41f571f55c842"},"environment":"GEN_2","url":"https://us-central1-safe-yj.cloudfunctions.net/sendSOSNotification","satisfiesPzi":true},"stages":[{"name":"BUILD","message":"Build in progress","state":"IN_PROGRESS","resource":"projects/431566844297/locations/us-central1/builds/a57544a7-4bbc-4bc4-9a5f-f2ee6be091e4","resourceUri":"https://console.cloud.google.com/cloud-build/builds;region=us-central1/a57544a7-4bbc-4bc4-9a5f-f2ee6be091e4?project=431566844297"},{"name":"SERVICE","state":"NOT_STARTED"},{"name":"TRIGGER","state":"NOT_STARTED"}],"operationType":"UPDATE_FUNCTION","buildName":"projects/431566844297/locations/us-central1/builds/a57544a7-4bbc-4bc4-9a5f-f2ee6be091e4"},"done":false}
[debug] [2026-04-15T14:58:34.932Z] [update-default-us-central1-sendSOSNotification] Retrying task index 0
[debug] [2026-04-15T14:58:34.963Z] Checked if tokens are valid: true, expires at: 1776268654553
[debug] [2026-04-15T14:58:34.964Z] Checked if tokens are valid: true, expires at: 1776268654553
[debug] [2026-04-15T14:58:34.965Z] >>> [apiv2][query] GET https://cloudfunctions.googleapis.com/v2/projects/safe-yj/locations/us-central1/operations/operation-1776265080527-64f80f126d8ef-5dde8bf0-4fa77d4a [none]
[debug] [2026-04-15T14:58:36.129Z] <<< [apiv2][status] GET https://cloudfunctions.googleapis.com/v2/projects/safe-yj/locations/us-central1/operations/operation-1776265080527-64f80f126d8ef-5dde8bf0-4fa77d4a 200
[debug] [2026-04-15T14:58:36.130Z] <<< [apiv2][body] GET https://cloudfunctions.googleapis.com/v2/projects/safe-yj/locations/us-central1/operations/operation-1776265080527-64f80f126d8ef-5dde8bf0-4fa77d4a {"name":"projects/safe-yj/locations/us-central1/operations/operation-1776265080527-64f80f126d8ef-5dde8bf0-4fa77d4a","metadata":{"@type":"type.googleapis.com/google.cloud.functions.v2.OperationMetadata","createTime":"2026-04-15T14:58:02.725048371Z","target":"projects/safe-yj/locations/us-central1/functions/sendSOSNotification","verb":"update","cancelRequested":false,"apiVersion":"v2","requestResource":{"@type":"type.googleapis.com/google.cloud.functions.v2.Function","name":"projects/safe-yj/locations/us-central1/functions/sendSOSNotification","buildConfig":{"runtime":"nodejs20","entryPoint":"sendSOSNotification","source":{"storageSource":{"bucket":"gcf-v2-sources-431566844297-us-central1","object":"sendSOSNotification/function-source.zip","generation":"1776265082575784"}},"environmentVariables":{"GOOGLE_NODE_RUN_SCRIPTS":""},"dockerRepository":"projects/safe-yj/locations/us-central1/repositories/gcf-artifacts","sourceProvenance":{"resolvedStorageSource":{"bucket":"gcf-v2-sources-431566844297-us-central1","object":"sendSOSNotification/function-source.zip","generation":"1776000275992194"}},"dockerRegistry":"ARTIFACT_REGISTRY","serviceAccount":"projects/safe-yj/serviceAccounts/431566844297-compute@developer.gserviceaccount.com","automaticUpdatePolicy":{}},"serviceConfig":{"service":"projects/safe-yj/locations/us-central1/services/sendsosnotification","timeoutSeconds":60,"environmentVariables":{"FIREBASE_CONFIG":"{\"projectId\":\"safe-yj\",\"storageBucket\":\"safe-yj.firebasestorage.app\"}","GCLOUD_PROJECT":"safe-yj","EVENTARC_CLOUD_EVENT_SOURCE":"projects/safe-yj/locations/us-central1/services/sendSOSNotification","FUNCTION_SIGNATURE_TYPE":"cloudevent","FUNCTION_TARGET":"sendSOSNotification","LOG_EXECUTION_ID":"true"},"ingressSettings":"ALLOW_ALL","uri":"https://sendsosnotification-zdgujvjrva-uc.a.run.app","serviceAccountEmail":"431566844297-compute@developer.gserviceaccount.com","availableMemory":"256Mi","allTrafficOnLatestRevision":true,"revision":"sendsosnotification-00013-moh","maxInstanceRequestConcurrency":80,"availableCpu":"1"},"eventTrigger":{"trigger":"projects/safe-yj/locations/asia-northeast3/triggers/sendsosnotification-978532","triggerRegion":"asia-northeast3","eventType":"google.cloud.firestore.document.v1.created","eventFilters":[{"attribute":"database","value":"(default)"},{"attribute":"namespace","value":"(default)"},{"attribute":"document","value":"home_events/{docId}","operator":"match-path-pattern"}],"pubsubTopic":"projects/safe-yj/topics/eventarc-asia-northeast3-sendsosnotification-978532-859","serviceAccountEmail":"431566844297-compute@developer.gserviceaccount.com","retryPolicy":"RETRY_POLICY_DO_NOT_RETRY"},"state":"ACTIVE","labels":{"deployment-tool":"cli-firebase","firebase-functions-hash":"6022010c3bd9cd3fbcab78cd53f41f571f55c842"},"environment":"GEN_2","url":"https://us-central1-safe-yj.cloudfunctions.net/sendSOSNotification","satisfiesPzi":true},"stages":[{"name":"BUILD","message":"Build in progress","state":"IN_PROGRESS","resource":"projects/431566844297/locations/us-central1/builds/a57544a7-4bbc-4bc4-9a5f-f2ee6be091e4","resourceUri":"https://console.cloud.google.com/cloud-build/builds;region=us-central1/a57544a7-4bbc-4bc4-9a5f-f2ee6be091e4?project=431566844297"},{"name":"SERVICE","state":"NOT_STARTED"},{"name":"TRIGGER","state":"NOT_STARTED"}],"operationType":"UPDATE_FUNCTION","buildName":"projects/431566844297/locations/us-central1/builds/a57544a7-4bbc-4bc4-9a5f-f2ee6be091e4"},"done":false}
[debug] [2026-04-15T14:58:46.137Z] [update-default-us-central1-sendSOSNotification] Retrying task index 0
[debug] [2026-04-15T14:58:46.155Z] Checked if tokens are valid: true, expires at: 1776268654553
[debug] [2026-04-15T14:58:46.155Z] Checked if tokens are valid: true, expires at: 1776268654553
[debug] [2026-04-15T14:58:46.161Z] >>> [apiv2][query] GET https://cloudfunctions.googleapis.com/v2/projects/safe-yj/locations/us-central1/operations/operation-1776265080527-64f80f126d8ef-5dde8bf0-4fa77d4a [none]
[debug] [2026-04-15T14:58:46.638Z] <<< [apiv2][status] GET https://cloudfunctions.googleapis.com/v2/projects/safe-yj/locations/us-central1/operations/operation-1776265080527-64f80f126d8ef-5dde8bf0-4fa77d4a 200
[debug] [2026-04-15T14:58:46.639Z] <<< [apiv2][body] GET https://cloudfunctions.googleapis.com/v2/projects/safe-yj/locations/us-central1/operations/operation-1776265080527-64f80f126d8ef-5dde8bf0-4fa77d4a {"name":"projects/safe-yj/locations/us-central1/operations/operation-1776265080527-64f80f126d8ef-5dde8bf0-4fa77d4a","metadata":{"@type":"type.googleapis.com/google.cloud.functions.v2.OperationMetadata","createTime":"2026-04-15T14:58:02.725048371Z","target":"projects/safe-yj/locations/us-central1/functions/sendSOSNotification","verb":"update","cancelRequested":false,"apiVersion":"v2","requestResource":{"@type":"type.googleapis.com/google.cloud.functions.v2.Function","name":"projects/safe-yj/locations/us-central1/functions/sendSOSNotification","buildConfig":{"runtime":"nodejs20","entryPoint":"sendSOSNotification","source":{"storageSource":{"bucket":"gcf-v2-sources-431566844297-us-central1","object":"sendSOSNotification/function-source.zip","generation":"1776265082575784"}},"environmentVariables":{"GOOGLE_NODE_RUN_SCRIPTS":""},"dockerRepository":"projects/safe-yj/locations/us-central1/repositories/gcf-artifacts","sourceProvenance":{"resolvedStorageSource":{"bucket":"gcf-v2-sources-431566844297-us-central1","object":"sendSOSNotification/function-source.zip","generation":"1776000275992194"}},"dockerRegistry":"ARTIFACT_REGISTRY","serviceAccount":"projects/safe-yj/serviceAccounts/431566844297-compute@developer.gserviceaccount.com","automaticUpdatePolicy":{}},"serviceConfig":{"service":"projects/safe-yj/locations/us-central1/services/sendsosnotification","timeoutSeconds":60,"environmentVariables":{"FIREBASE_CONFIG":"{\"projectId\":\"safe-yj\",\"storageBucket\":\"safe-yj.firebasestorage.app\"}","GCLOUD_PROJECT":"safe-yj","EVENTARC_CLOUD_EVENT_SOURCE":"projects/safe-yj/locations/us-central1/services/sendSOSNotification","FUNCTION_SIGNATURE_TYPE":"cloudevent","FUNCTION_TARGET":"sendSOSNotification","LOG_EXECUTION_ID":"true"},"ingressSettings":"ALLOW_ALL","uri":"https://sendsosnotification-zdgujvjrva-uc.a.run.app","serviceAccountEmail":"431566844297-compute@developer.gserviceaccount.com","availableMemory":"256Mi","allTrafficOnLatestRevision":true,"revision":"sendsosnotification-00013-moh","maxInstanceRequestConcurrency":80,"availableCpu":"1"},"eventTrigger":{"trigger":"projects/safe-yj/locations/asia-northeast3/triggers/sendsosnotification-978532","triggerRegion":"asia-northeast3","eventType":"google.cloud.firestore.document.v1.created","eventFilters":[{"attribute":"database","value":"(default)"},{"attribute":"namespace","value":"(default)"},{"attribute":"document","value":"home_events/{docId}","operator":"match-path-pattern"}],"pubsubTopic":"projects/safe-yj/topics/eventarc-asia-northeast3-sendsosnotification-978532-859","serviceAccountEmail":"431566844297-compute@developer.gserviceaccount.com","retryPolicy":"RETRY_POLICY_DO_NOT_RETRY"},"state":"ACTIVE","labels":{"deployment-tool":"cli-firebase","firebase-functions-hash":"6022010c3bd9cd3fbcab78cd53f41f571f55c842"},"environment":"GEN_2","url":"https://us-central1-safe-yj.cloudfunctions.net/sendSOSNotification","satisfiesPzi":true},"stages":[{"name":"BUILD","message":"Build in progress","state":"IN_PROGRESS","resource":"projects/431566844297/locations/us-central1/builds/a57544a7-4bbc-4bc4-9a5f-f2ee6be091e4","resourceUri":"https://console.cloud.google.com/cloud-build/builds;region=us-central1/a57544a7-4bbc-4bc4-9a5f-f2ee6be091e4?project=431566844297"},{"name":"SERVICE","state":"NOT_STARTED"},{"name":"TRIGGER","state":"NOT_STARTED"}],"operationType":"UPDATE_FUNCTION","buildName":"projects/431566844297/locations/us-central1/builds/a57544a7-4bbc-4bc4-9a5f-f2ee6be091e4"},"done":false}
